<?xml version="1.0" encoding="UTF-8"?>
<!-- Generated by org.testng.reporters.JUnitXMLReporter -->
<testsuite hostname="DESKTOP-OQ0JEGT" ignored="0" name="Default test" tests="2" failures="0" timestamp="01 Feb 2020 05:24:15 GMT" time="93.316" errors="0">
  <testcase name="createPurchase" time="28.642" classname="com.vtiger.purchasescripts.CreatePurchaseOrder"/>
  <testcase name="createVendor" time="31.02" classname="com.vtiger.purchasescripts.CreatePurchaseOrder"/>
</testsuite> <!-- Default test -->
